<?xml version="1.0" encoding="UTF-8"?>
<!-- Generated by org.testng.reporters.JUnitReportReporter -->
<testsuite hostname="DESKTOP-V9AM7T5" failures="0" tests="1" name="spotdraft.test.login" time="45.333" errors="0" timestamp="10 Jun 2022 06:38:18 GMT" skipped="0">
  <testcase classname="spotdraft.test.login" name="login" time="45.333"/>
</testsuite> <!-- spotdraft.test.login -->
